<?xml version="1.0" encoding="UTF-8"?>
<testng-results ignored="0" total="1" passed="1" failed="0" skipped="0">
  <reporter-output>
  </reporter-output>
  <suite started-at="2022-07-18T13:37:18 IST" name="Default suite" finished-at="2022-07-18T13:37:19 IST" duration-ms="87">
    <groups>
    </groups>
    <test started-at="2022-07-18T13:37:18 IST" name="Default test" finished-at="2022-07-18T13:37:19 IST" duration-ms="87">
      <class name="com.crm.TestNg.PractiesTest">
        <test-method signature="Test()[pri:0, instance:com.crm.TestNg.PractiesTest@54a7079e]" started-at="2022-07-18T13:37:19 IST" name="Test" finished-at="2022-07-18T13:37:19 IST" duration-ms="14" status="PASS">
          <reporter-output>
          </reporter-output>
        </test-method> <!-- Test -->
      </class> <!-- com.crm.TestNg.PractiesTest -->
    </test> <!-- Default test -->
  </suite> <!-- Default suite -->
</testng-results>
